Добавлен элемент ID: 342828--- NAME: DC336/120500 (серебро)--- CODE: dc336-120500-serebro--- TIME: 17.07.25 10:30:38
Добавлен элемент ID: 342829--- NAME: Тяги рычажные L190 (серебро)--- CODE: tyagi-rychazhnye-l190-serebro--- TIME: 17.07.25 10:30:38
Добавлен элемент ID: 342830--- NAME: Антенна GSM с переходником для КОП-03--- CODE: antenna-gsm-s-perekhodnikom-dlya-kop-03--- TIME: 17.07.25 12:51:54
Добавлен элемент ID: 342831--- NAME: КПСЭнг(А)-FRHF 1х2х0,75 (Технокабель-НН)--- CODE: kpseng-a-frhf-1kh2kh0-75-tekhnokabel-nn--- TIME: 17.07.25 12:51:54
Добавлен элемент ID: 342832--- NAME: ММ GSM 3G--- CODE: mm-gsm-3g--- TIME: 17.07.25 12:51:54
Добавлен элемент ID: 342833--- NAME: Строб (красный) (СБ-1)--- CODE: strob-krasnyy-sb-1--- TIME: 17.07.25 12:51:54
Добавлен элемент ID: 342834--- NAME: ONE+ Аккумулятор RB18L50 5133002433--- CODE: one-akkumulyator-rb18l50-5133002433--- TIME: 17.07.25 13:02:36
Добавлен элемент ID: 342835--- NAME: Батарейка 23А 12V Alkaline 5BL для автосигнализации Космос--- CODE: batareyka-23a-12v-alkaline-5bl-dlya-avtosignalizatsii-kosmos--- TIME: 17.07.25 13:02:36
Добавлен элемент ID: 342836--- NAME: Блок питания ЦЕРБЕР БП MS-35-17--- CODE: blok-pitaniya-tserber-bp-ms-35-17--- TIME: 17.07.25 13:02:36
Добавлен элемент ID: 342837--- NAME: Корпус металлический ЦЕРБЕР Б-03МП--- CODE: korpus-metallicheskiy-tserber-b-03mp--- TIME: 17.07.25 13:02:36
Добавлен элемент ID: 342838--- NAME: Корпус металлический ЦЕРБЕР Б-03М--- CODE: korpus-metallicheskiy-tserber-b-03m--- TIME: 17.07.25 13:02:36
Добавлен элемент ID: 342839--- NAME: Корпус пластиковый ЦЕРБЕР Б-2П (цвет белый)--- CODE: korpus-plastikovyy-tserber-b-2p-tsvet-belyy--- TIME: 17.07.25 13:02:36
Добавлен элемент ID: 342840--- NAME: Зарядное устройство RYOBI ONE+ RC18120 5133002891--- CODE: zaryadnoe-ustroystvo-ryobi-one-rc18120-5133002891--- TIME: 17.07.25 13:02:36
Добавлен элемент ID: 342841--- NAME: Преобразователь DC-DC XL4015 понижающий (DF-01-015)--- CODE: preobrazovatel-dc-dc-xl4015-ponizhayushchiy-df-01-015--- TIME: 17.07.25 13:02:36
Добавлен элемент ID: 342842--- NAME: DPE-301GI/A1B--- CODE: dpe-301gi-a1b--- TIME: 17.07.25 13:10:08
Добавлен элемент ID: 342843--- NAME: Г-12КПР--- CODE: g-12kpr--- TIME: 17.07.25 13:53:06
Добавлен элемент ID: 342844--- NAME: Расширитель ЦЕРБЕР P--- CODE: rasshiritel-tserber-p--- TIME: 17.07.25 13:53:06
Добавлен элемент ID: 342845--- NAME: FR1108X--- CODE: fr1108x--- TIME: 17.07.25 14:09:25
Добавлен элемент ID: 342846--- NAME: DS-2CD1743G2-IZ--- CODE: ds-2cd1743g2-iz--- TIME: 17.07.25 14:41:55
Добавлен элемент ID: 342847--- NAME: Аккумулятор LXT, Li-Ion, 18 В, 5.0 Ач, BL1850B Makita 632G59-7--- CODE: akkumulyator-lxt-li-ion-18-v-5-0-ach-bl1850b-makita-632g59-7--- TIME: 17.07.25 15:05:13
Добавлен элемент ID: 342848--- NAME: Зарядное устройство DC18RC Makita 1913X9-0--- CODE: zaryadnoe-ustroystvo-dc18rc-makita-1913x9-0--- TIME: 17.07.25 15:05:13
Добавлен элемент ID: 342849--- NAME: ST-M102/4 (S) (черный) (версия 2)--- CODE: st-m102-4-s-chernyy-versiya-2--- TIME: 17.07.25 15:05:13
Добавлен элемент ID: 342850--- NAME: Аккумулятор LXT, Li-Ion, 18 В, 5.0 Ач, BL1850B Makita 632G59-7 + Зарядное устройство DC18RC Makita--- CODE: akkumulyator-lxt-li-ion-18-v-5-0-ach-bl1850b-makita-632g59-7-zaryadnoe-ustroystvo-dc18rc-makita--- TIME: 17.07.25 15:05:44
Добавлен элемент ID: 342851--- NAME: IP-S025.0(2.8)MP_V.3--- CODE: ip-s025-0-2-8-mp-v-3--- TIME: 17.07.25 15:41:59
Добавлен элемент ID: 342852--- NAME: Жесткий диск 3.5" 4.0Tb SAS 12Gb/s 7200rpm 256MB SEAGATE Exos 7E10 enterprise ST4000NM025B--- CODE: zhestkiy-disk-3-5-4-0tb-sas-12gb-s-7200rpm-256mb-seagate-exos-7e10-enterprise-st4000nm025b--- TIME: 17.07.25 15:41:59
Добавлен элемент ID: 342853--- NAME: Innova RT 33 20K Tower (1146357)--- CODE: innova-rt-33-20k-tower-1146357--- TIME: 17.07.25 16:02:36
Добавлен элемент ID: 342854--- NAME: TR-D2S5 v3 (D) 3.6--- CODE: tr-d2s5-v3-d-3-6--- TIME: 17.07.25 16:41:58
