Добавлен элемент ID: 342883--- NAME: FAST-800PRO--- CODE: fast-800pro--- TIME: 22.07.25 10:56:43
Добавлен элемент ID: 342884--- NAME: SECTIONAL-1200PRO--- CODE: sectional-1200pro--- TIME: 22.07.25 10:56:43
Добавлен элемент ID: 342885--- NAME: PK-3300-3P--- CODE: pk-3300-3p--- TIME: 22.07.25 10:56:43
Добавлен элемент ID: 342886--- NAME: SLIDING-800+--- CODE: sliding-800_1--- TIME: 22.07.25 10:56:43
Добавлен элемент ID: 342887--- NAME: Rack-Plastic--- CODE: rack-plastic--- TIME: 22.07.25 10:56:43
Добавлен элемент ID: 342888--- NAME: TOLL-PRO--- CODE: toll-pro--- TIME: 22.07.25 10:56:43
Добавлен элемент ID: 342889--- NAME: FSFB--- CODE: fsfb--- TIME: 22.07.25 10:56:43
Добавлен элемент ID: 342890--- NAME: DHBR-00-10--- CODE: dhbr-00-10--- TIME: 22.07.25 10:56:43
Добавлен элемент ID: 342891--- NAME: AD-50-Master--- CODE: ad-50-master--- TIME: 22.07.25 10:56:43
Добавлен элемент ID: 342892--- NAME: AD-50-Slave--- CODE: ad-50-slave--- TIME: 22.07.25 10:56:43
Добавлен элемент ID: 342893--- NAME: AD-08SP--- CODE: ad-08sp--- TIME: 22.07.25 10:56:43
Добавлен элемент ID: 342894--- NAME: AD-09--- CODE: ad-09--- TIME: 22.07.25 10:56:43
Добавлен элемент ID: 342895--- NAME: AD-27--- CODE: ad-27--- TIME: 22.07.25 10:56:43
Добавлен элемент ID: 342896--- NAME: AD-30--- CODE: ad-30--- TIME: 22.07.25 10:56:44
Добавлен элемент ID: 342897--- NAME: AD-31--- CODE: ad-31--- TIME: 22.07.25 10:56:44
Добавлен элемент ID: 342898--- NAME: AD-32--- CODE: ad-32--- TIME: 22.07.25 10:56:44
Добавлен элемент ID: 342899--- NAME: AD-34--- CODE: ad-34--- TIME: 22.07.25 10:56:44
Добавлен элемент ID: 342900--- NAME: AD-07SP_01--- CODE: ad-07sp-01--- TIME: 22.07.25 10:56:44
Добавлен элемент ID: 342901--- NAME: FR-380--- CODE: fr-380--- TIME: 22.07.25 10:56:44
Добавлен элемент ID: 342902--- NAME: FR-CU--- CODE: fr-cu--- TIME: 22.07.25 10:56:44
Добавлен элемент ID: 342903--- NAME: DOMO7-WiFi--- CODE: domo7-wifi--- TIME: 22.07.25 10:56:44
Добавлен элемент ID: 342904--- NAME: Estrike-reg--- CODE: estrike-reg--- TIME: 22.07.25 10:56:44
Добавлен элемент ID: 342905--- NAME: Transmitter 1-PRO--- CODE: transmitter-1-pro--- TIME: 22.07.25 10:56:44
Добавлен элемент ID: 342906--- NAME: DHRE-mini--- CODE: dhre-mini--- TIME: 22.07.25 10:56:44
Добавлен элемент ID: 342907--- NAME: WiFi RE--- CODE: wifi-re--- TIME: 22.07.25 10:56:44
Добавлен элемент ID: 342908--- NAME: WiFi Control--- CODE: wifi-control--- TIME: 22.07.25 10:56:44
Добавлен элемент ID: 342909--- NAME: WiFi-RFConverter--- CODE: wifi-rfconverter--- TIME: 22.07.25 10:56:44
Добавлен элемент ID: 342910--- NAME: GSM-4.0--- CODE: gsm-4-0--- TIME: 22.07.25 10:56:44
Добавлен элемент ID: 342911--- NAME: SLIDING-500 +--- CODE: sliding-500---- TIME: 22.07.25 10:56:44
Добавлен элемент ID: 342912--- NAME: SLIDING-500PRO +--- CODE: sliding-500pro---- TIME: 22.07.25 10:56:45
Добавлен элемент ID: 342913--- NAME: SL-500+30--- CODE: sl-500-30--- TIME: 22.07.25 10:56:45
Добавлен элемент ID: 342914--- NAME: SL-500PRO+30--- CODE: sl-500pro-30--- TIME: 22.07.25 10:56:45
Добавлен элемент ID: 342915--- NAME: SLIDING-800PRO +--- CODE: sliding-800pro---- TIME: 22.07.25 10:56:45
Добавлен элемент ID: 342916--- NAME: SL-800+30--- CODE: sl-800-30--- TIME: 22.07.25 10:56:45
Добавлен элемент ID: 342917--- NAME: SL-800PRO+30--- CODE: sl-800pro-30--- TIME: 22.07.25 10:56:45
Добавлен элемент ID: 342918--- NAME: SLIDING-1300PRO +--- CODE: sliding-1300pro---- TIME: 22.07.25 10:56:45
Добавлен элемент ID: 342919--- NAME: SL-1300-30--- CODE: sl-1300-30--- TIME: 22.07.25 10:56:45
Добавлен элемент ID: 342920--- NAME: SL-500+R5--- CODE: sl-500-r5--- TIME: 22.07.25 10:56:45
Добавлен элемент ID: 342921--- NAME: SL-500+PR5--- CODE: sl-500-pr5--- TIME: 22.07.25 10:56:45
Добавлен элемент ID: 342922--- NAME: SL-500+PLR5--- CODE: sl-500-plr5--- TIME: 22.07.25 10:56:45
Добавлен элемент ID: 342923--- NAME: SL-800PRO+PLR5--- CODE: sl-800pro-plr5--- TIME: 22.07.25 10:56:45
Добавлен элемент ID: 342924--- NAME: SL-1300PRO+PLR5--- CODE: sl-1300pro-plr5--- TIME: 22.07.25 10:56:45
Добавлен элемент ID: 342925--- NAME: RACK-PLASTIC-400--- CODE: rack-plastic-400--- TIME: 22.07.25 10:56:45
Добавлен элемент ID: 342926--- NAME: RACK-8-5--- CODE: rack-8-5--- TIME: 22.07.25 10:56:45
Добавлен элемент ID: 342927--- NAME: RACK-8-500--- CODE: rack-8-500--- TIME: 22.07.25 10:56:45
Добавлен элемент ID: 342928--- NAME: SW-5000PROBASE+WiFi--- CODE: sw-5000probase-wifi--- TIME: 22.07.25 10:56:46
Добавлен элемент ID: 342929--- NAME: ARM-320PROBASE +--- CODE: arm-320probase---- TIME: 22.07.25 10:56:46
Добавлен элемент ID: 342930--- NAME: SW-4000-BASE+--- CODE: sw-4000-base_1--- TIME: 22.07.25 10:56:46
Добавлен элемент ID: 342931--- NAME: SW-4000BASE+WiFi--- CODE: sw-4000base-wifi--- TIME: 22.07.25 10:56:46
Добавлен элемент ID: 342932--- NAME: SW-4000-BASE+14--- CODE: sw-4000-base-14--- TIME: 22.07.25 10:56:46
Добавлен элемент ID: 342933--- NAME: SW-5000PRO-LKIT--- CODE: sw-5000pro-lkit--- TIME: 22.07.25 10:56:46
Добавлен элемент ID: 342934--- NAME: BR-PRO+6--- CODE: br-pro-6--- TIME: 22.07.25 10:56:46
Добавлен элемент ID: 342935--- NAME: BARRIER-PRO-RPD-4000--- CODE: barrier-pro-rpd-4000--- TIME: 22.07.25 10:56:46
Добавлен элемент ID: 342936--- NAME: AD-SP-Telescope--- CODE: ad-sp-telescope--- TIME: 22.07.25 10:56:46
Добавлен элемент ID: 342937--- NAME: AD-07SP--- CODE: ad-07sp--- TIME: 22.07.25 10:56:46
Добавлен элемент ID: 342938--- NAME: AD-07SP-TEL--- CODE: ad-07sp-tel--- TIME: 22.07.25 10:56:46
Добавлен элемент ID: 342939--- NAME: FR-380KIT--- CODE: fr-380kit--- TIME: 22.07.25 10:56:46
Добавлен элемент ID: 342940--- NAME: AR1-KIT--- CODE: ar1-kit--- TIME: 22.07.25 10:56:46
Добавлен элемент ID: 342941--- NAME: AR2-KIT--- CODE: ar2-kit--- TIME: 22.07.25 10:56:46
Добавлен элемент ID: 342942--- NAME: AR4-KIT--- CODE: ar4-kit--- TIME: 22.07.25 10:56:47
Добавлен элемент ID: 342943--- NAME: AR5-KIT--- CODE: ar5-kit--- TIME: 22.07.25 10:56:47
Добавлен элемент ID: 342944--- NAME: AR6-KIT--- CODE: ar6-kit--- TIME: 22.07.25 10:56:47
Добавлен элемент ID: 342945--- NAME: AR7-KIT--- CODE: ar7-kit--- TIME: 22.07.25 10:56:47
Добавлен элемент ID: 342946--- NAME: AR8-KIT--- CODE: ar8-kit--- TIME: 22.07.25 10:56:47
Добавлен элемент ID: 342947--- NAME: AR9-KIT--- CODE: ar9-kit--- TIME: 22.07.25 10:56:47
Добавлен элемент ID: 342948--- NAME: Transmitter 1-PRO-100--- CODE: transmitter-1-pro-100--- TIME: 22.07.25 10:56:47
Добавлен элемент ID: 342949--- NAME: GSM-4.0-10--- CODE: gsm-4-0-10--- TIME: 22.07.25 10:56:47
Добавлен элемент ID: 342950--- NAME: GSM-3.0-10--- CODE: gsm-3-0-10_1--- TIME: 22.07.25 10:56:47
Добавлен элемент ID: 342951--- NAME: PHOTO-10--- CODE: photo-10--- TIME: 22.07.25 10:56:47
Добавлен элемент ID: 342952--- NAME: PHOTO-PRO-10--- CODE: photo-pro-10--- TIME: 22.07.25 10:56:47
Добавлен элемент ID: 342953--- NAME: LAMP-PRO-10--- CODE: lamp-pro-10--- TIME: 22.07.25 10:56:47
Добавлен элемент ID: 342954--- NAME: AD-46--- CODE: ad-46--- TIME: 22.07.25 10:56:47
Добавлен элемент ID: 342955--- NAME: Г-24Д--- CODE: g-24d--- TIME: 22.07.25 12:53:10
Добавлен элемент ID: 342956--- NAME: Ecoplast поворот 90гр., для аспирационной системы D25, АБС, красный (10 шт) (49125-10)--- CODE: ecoplast-povorot-90gr-dlya-aspiratsionnoy-sistemy-d25-abs-krasnyy-10-sht-49125-10--- TIME: 22.07.25 13:59:57
Добавлен элемент ID: 342957--- NAME: Ecoplast тройник для аспирационной системы D25, АБС, красный (10 шт) (49325-10)--- CODE: ecoplast-troynik-dlya-aspiratsionnoy-sistemy-d25-abs-krasnyy-10-sht-49325-10--- TIME: 22.07.25 13:59:57
Добавлен элемент ID: 342958--- NAME: Ecoplast труба АБС гладкая, для аспирационной системы, D25, красная (25025-RD)--- CODE: ecoplast-truba-abs-gladkaya-dlya-aspiratsionnoy-sistemy-d25-krasnaya-25025-rd--- TIME: 22.07.25 13:59:57
Добавлен элемент ID: 342959--- NAME: DS-2CD3786G2HT-LIZSU(2.7-13.5mm)--- CODE: ds-2cd3786g2ht-lizsu-2-7-13-5mm--- TIME: 22.07.25 14:47:55
Добавлен элемент ID: 342960--- NAME: Ecoplast заглушка для аспирационной системы D25, АБС, красный (20 шт) (49925-20)--- CODE: ecoplast-zaglushka-dlya-aspiratsionnoy-sistemy-d25-abs-krasnyy-20-sht-49925-20--- TIME: 22.07.25 14:56:02
Добавлен элемент ID: 342961--- NAME: Ecoplast муфта для аспирационной системы D25, АБС, красный (50 шт) (49525-50)--- CODE: ecoplast-mufta-dlya-aspiratsionnoy-sistemy-d25-abs-krasnyy-50-sht-49525-50--- TIME: 22.07.25 14:56:02
Добавлен элемент ID: 342962--- NAME: ST-M102/4 (S) (белый) (версия 2) Монитор домофона цветной--- CODE: st-m102-4-s-belyy-versiya-2-monitor-domofona-tsvetnoy--- TIME: 22.07.25 15:05:23
Добавлен элемент ID: 342963--- NAME: ML-295A--- CODE: ml-295a_1--- TIME: 22.07.25 16:10:21
Добавлен элемент ID: 342964--- NAME: Кабель КПСнг(A)-FRLS 1x2x0.75 1257 Спецресурс--- CODE: kabel-kpsng-a-frls-1x2x0-75-1257-spetsresurs--- TIME: 22.07.25 16:55:07
