Добавлен элемент ID: 342973--- NAME: DSI-12IR(b)--- CODE: dsi-12ir-b--- TIME: 24.07.25 10:02:37
Добавлен элемент ID: 342974--- NAME: DMI-18SW(b)--- CODE: dmi-18sw-b--- TIME: 24.07.25 10:02:37
Добавлен элемент ID: 342975--- NAME: DSP208F-2F-T120--- CODE: dsp208f-2f-t120--- TIME: 24.07.25 11:10:12
Добавлен элемент ID: 342976--- NAME: F-IC-1322CIW(2.8mm)--- CODE: f-ic-1322ciw-2-8mm--- TIME: 24.07.25 11:42:34
Добавлен элемент ID: 342977--- NAME: F-IC-1342CIW(2.8mm)--- CODE: f-ic-1342ciw-2-8mm--- TIME: 24.07.25 11:42:34
Добавлен элемент ID: 342978--- NAME: SNR-UPS-LIRM-1000-PS-SNMP--- CODE: snr-ups-lirm-1000-ps-snmp--- TIME: 24.07.25 12:02:36
Добавлен элемент ID: 342979--- NAME: F-VI-3321IPWE1--- CODE: f-vi-3321ipwe1--- TIME: 24.07.25 12:02:36
Добавлен элемент ID: 342980--- NAME: F-VI-3548ISWE1--- CODE: f-vi-3548iswe1--- TIME: 24.07.25 12:02:36
Добавлен элемент ID: 342981--- NAME: F-VI-3561IPWE1--- CODE: f-vi-3561ipwe1--- TIME: 24.07.25 12:02:36
Добавлен элемент ID: 342982--- NAME: F-VI-1408ISMCE1--- CODE: f-vi-1408ismce1--- TIME: 24.07.25 12:02:36
Добавлен элемент ID: 342983--- NAME: F-VI-1408ISMCWE1--- CODE: f-vi-1408ismcwe1--- TIME: 24.07.25 12:02:36
Добавлен элемент ID: 342984--- NAME: F-VI-1520ISMCBWE1--- CODE: f-vi-1520ismcbwe1--- TIME: 24.07.25 12:02:36
Добавлен элемент ID: 342985--- NAME: F-SW-EU206MPOE-V/L--- CODE: f-sw-eu206mpoe-v-l--- TIME: 24.07.25 12:10:11
Добавлен элемент ID: 342986--- NAME: F-SW-EU210MPOE-V/L--- CODE: f-sw-eu210mpoe-v-l--- TIME: 24.07.25 12:10:12
Добавлен элемент ID: 342987--- NAME: F-SW-EU610HPOE-V--- CODE: f-sw-eu610hpoe-v--- TIME: 24.07.25 12:10:12
Добавлен элемент ID: 342988--- NAME: F-SW-EU620HPOE-V--- CODE: f-sw-eu620hpoe-v--- TIME: 24.07.25 12:10:12
Добавлен элемент ID: 342989--- NAME: F-SW-EU628HPOE-V--- CODE: f-sw-eu628hpoe-v--- TIME: 24.07.25 12:10:12
Добавлен элемент ID: 342990--- NAME: F-SW-EU205-O--- CODE: f-sw-eu205-o--- TIME: 24.07.25 12:10:12
Добавлен элемент ID: 342991--- NAME: F-SW-EU208-O--- CODE: f-sw-eu208-o--- TIME: 24.07.25 12:10:12
Добавлен элемент ID: 342992--- NAME: F-SW-EU216R-O--- CODE: f-sw-eu216r-o--- TIME: 24.07.25 12:10:12
Добавлен элемент ID: 342993--- NAME: F-SW-EU616-V(B)--- CODE: f-sw-eu616-v-b--- TIME: 24.07.25 12:10:12
Добавлен элемент ID: 342994--- NAME: F-SW-EU624-V(B)--- CODE: f-sw-eu624-v-b--- TIME: 24.07.25 12:10:12
Добавлен элемент ID: 342995--- NAME: F-SW-EU624OE(B)--- CODE: f-sw-eu624oe-b--- TIME: 24.07.25 12:10:12
Добавлен элемент ID: 342996--- NAME: F-WL-B50E-TAC--- CODE: f-wl-b50e-tac--- TIME: 24.07.25 12:10:12
Добавлен элемент ID: 342997--- NAME: F-WL-B20B-TN--- CODE: f-wl-b20b-tn--- TIME: 24.07.25 12:10:12
Добавлен элемент ID: 342998--- NAME: F-WL-B505-AC/P--- CODE: f-wl-b505-ac-p--- TIME: 24.07.25 12:10:12
Добавлен элемент ID: 342999--- NAME: F-WL-B20F-N--- CODE: f-wl-b20f-n--- TIME: 24.07.25 12:10:12
Добавлен элемент ID: 343000--- NAME: F-WL-B503-AC/P--- CODE: f-wl-b503-ac-p--- TIME: 24.07.25 12:10:13
Добавлен элемент ID: 343001--- NAME: F-KD-4401PM--- CODE: f-kd-4401pm--- TIME: 24.07.25 12:42:53
Добавлен элемент ID: 343002--- NAME: F-KD-4401PMK--- CODE: f-kd-4401pmk--- TIME: 24.07.25 12:42:53
Добавлен элемент ID: 343003--- NAME: F-KD-4402PM--- CODE: f-kd-4402pm--- TIME: 24.07.25 12:42:53
Добавлен элемент ID: 343004--- NAME: F-KD-4402PMK--- CODE: f-kd-4402pmk--- TIME: 24.07.25 12:42:53
Добавлен элемент ID: 343005--- NAME: F-KD-4403PM--- CODE: f-kd-4403pm--- TIME: 24.07.25 12:42:53
Добавлен элемент ID: 343006--- NAME: F-KD-4403PMK--- CODE: f-kd-4403pmk--- TIME: 24.07.25 12:42:53
Добавлен элемент ID: 343007--- NAME: F-KD-4404SM--- CODE: f-kd-4404sm--- TIME: 24.07.25 12:42:53
Добавлен элемент ID: 343008--- NAME: F-KD-4404SMK--- CODE: f-kd-4404smk--- TIME: 24.07.25 12:42:54
Добавлен элемент ID: 343009--- NAME: F-KD-4407PMK--- CODE: f-kd-4407pmk--- TIME: 24.07.25 12:42:54
Добавлен элемент ID: 343010--- NAME: F-KD-4408PMK--- CODE: f-kd-4408pmk--- TIME: 24.07.25 12:42:54
Добавлен элемент ID: 343011--- NAME: F-AC-1152(2.8mm)--- CODE: f-ac-1152-2-8mm--- TIME: 24.07.25 12:42:54
Добавлен элемент ID: 343012--- NAME: F-AC-1352(2.8mm)--- CODE: f-ac-1352-2-8mm--- TIME: 24.07.25 12:42:54
Добавлен элемент ID: 343013--- NAME: F-IC-1122CIW(2.8mm)--- CODE: f-ic-1122ciw-2-8mm--- TIME: 24.07.25 15:12:30
Добавлен элемент ID: 343014--- NAME: F-IC-1142CIW(2.8mm)--- CODE: f-ic-1142ciw-2-8mm--- TIME: 24.07.25 15:12:30
Добавлен элемент ID: 343015--- NAME: F-IC-1366PCM/A(2.8mm)--- CODE: f-ic-1366pcm-a-2-8mm--- TIME: 24.07.25 15:12:30
Добавлен элемент ID: 343016--- NAME: F-IC-2149C2M/Y(2.8mm)--- CODE: f-ic-2149c2m-y-2-8mm--- TIME: 24.07.25 15:12:30
Добавлен элемент ID: 343017--- NAME: F-IC-2149C2M/AY(2.8mm)--- CODE: f-ic-2149c2m-ay-2-8mm--- TIME: 24.07.25 15:12:31
Добавлен элемент ID: 343018--- NAME: F-IC-2449C2MS/Y(2.8mm)--- CODE: f-ic-2449c2ms-y-2-8mm--- TIME: 24.07.25 15:12:31
Добавлен элемент ID: 343019--- NAME: F-IC-2349C2M/Y(2.8mm)--- CODE: f-ic-2349c2m-y-2-8mm--- TIME: 24.07.25 15:12:31
Добавлен элемент ID: 343020--- NAME: F-NR-216EX/4--- CODE: f-nr-216ex-4--- TIME: 24.07.25 16:12:29
Добавлен элемент ID: 343021--- NAME: F-NR-232X/4--- CODE: f-nr-232x-4--- TIME: 24.07.25 16:12:29
Добавлен элемент ID: 343022--- NAME: F-NR-264/4E--- CODE: f-nr-264-4e--- TIME: 24.07.25 16:12:29
Добавлен элемент ID: 343023--- NAME: ZK-D2180 (1000мм)--- CODE: zk-d2180-1000mm--- TIME: 24.07.25 16:12:29
Добавлен элемент ID: 343024--- NAME: F-DM-24F3P1--- CODE: f-dm-24f3p1--- TIME: 24.07.25 16:12:30
Добавлен элемент ID: 343025--- NAME: F-DM-32F2V3--- CODE: f-dm-32f2v3--- TIME: 24.07.25 16:12:30
Добавлен элемент ID: 343026--- NAME: F-DM-43F1V3--- CODE: f-dm-43f1v3--- TIME: 24.07.25 16:12:30
Добавлен элемент ID: 343027--- NAME: HRP-150-36--- CODE: hrp-150-36--- TIME: 24.07.25 17:07:00
Добавлен элемент ID: 343028--- NAME: F-KD-2309SMKW--- CODE: f-kd-2309smkw--- TIME: 24.07.25 17:12:24
Добавлен элемент ID: 343029--- NAME: DS-I252L(4мм)--- CODE: ds-i252l-4mm_1--- TIME: 24.07.25 17:12:24
