Обновлён раздел ID: 622--- NAME: Аксессуары для термокожухов и видеокамер--- CODE: aksessuary-dlya-termokozhukhov-i-videokamer--- TIME: 22.07.25 13:27:13
Обновлён раздел ID: 623--- NAME: Аксессуары для Термошкафов Взрывозащищенных--- CODE: aksessuary-dlya-termoshkafov-vzryvozashchishchennykh--- TIME: 22.07.25 13:30:29
Обновлён раздел ID: 625--- NAME: Дополнительное оборудование взрывозащиты--- CODE: dopolnitelnoe-oborudovanie-vzryvozashchity--- TIME: 22.07.25 13:31:25
Обновлён раздел ID: 630--- NAME: Источники Питания Взрывозащищенные--- CODE: istochniki-pitaniya-vzryvozashchishchennye--- TIME: 22.07.25 13:33:43
Обновлён раздел ID: 631--- NAME: Коробки монтажные взрывозащищенные--- CODE: korobki-montazhnye-vzryvozashchishchennye--- TIME: 22.07.25 13:34:04
Обновлён раздел ID: 637--- NAME: Системы Видеонаблюдения Взрывозащищенные--- CODE: sistemy-videonablyudeniya-vzryvozashchishchennye--- TIME: 22.07.25 13:34:57
Обновлён раздел ID: 638--- NAME: Термокожухи--- CODE: termokozhukhi--- TIME: 22.07.25 13:35:16
Обновлён раздел ID: 639--- NAME: УЗИПы Устройства защиты--- CODE: uzipy-ustroystva-zashchity--- TIME: 22.07.25 13:35:37
Обновлён раздел ID: 640--- NAME: Узлы коммутации всепогодные--- CODE: uzly-kommutatsii-vsepogodnye--- TIME: 22.07.25 13:36:00
Обновлён раздел ID: 641--- NAME: Узлы систем видеонаблюдения и регистрации--- CODE: uzly-sistem-videonablyudeniya-i-registratsii--- TIME: 22.07.25 13:36:21
Обновлён раздел ID: 712--- NAME: Видеомодули--- CODE: videomoduli--- TIME: 22.07.25 13:40:02
Обновлён раздел ID: 717--- NAME: Видеостены--- CODE: videosteny--- TIME: 22.07.25 13:43:11
Обновлён раздел ID: 715--- NAME: IP Видеорегистраторы--- CODE: ip-videoregistratory--- TIME: 22.07.25 13:43:34
Обновлён раздел ID: 713--- NAME: Видеорегистраторы для видеонаблюдения--- CODE: videoregistratory-dlya-videonablyudeniya--- TIME: 22.07.25 13:43:56
Обновлён раздел ID: 718--- NAME: Дополнительное Оборудование Видеонаблюдения--- CODE: dopolnitelnoe-oborudovanie-videonablyudeniya--- TIME: 22.07.25 13:44:34
Обновлён раздел ID: 719--- NAME: Жесткие Диски и Карты памяти--- CODE: zhestkie-diski-i-karty-pamyati--- TIME: 22.07.25 13:45:00
Обновлён раздел ID: 722--- NAME: IP камеры видеонаблюдения--- CODE: ip-kamery-videonablyudeniya--- TIME: 22.07.25 13:46:32
Обновлён раздел ID: 726--- NAME: Клавиатуры и Пульты--- CODE: klaviatury-i-pulty--- TIME: 22.07.25 13:46:52
Обновлён раздел ID: 727--- NAME: Кожухи--- CODE: kozhukhi--- TIME: 22.07.25 13:47:18
Обновлён раздел ID: 727--- NAME: Кожухи--- CODE: kozhukhi--- TIME: 22.07.25 13:48:27
Обновлён раздел ID: 728--- NAME: Дополнительное Оборудование для Кожухов--- CODE: dopolnitelnoe-oborudovanie-dlya-kozhukhov--- TIME: 22.07.25 13:48:50
Обновлён раздел ID: 729--- NAME: Комплекты Видеонаблюдения--- CODE: komplekty-videonablyudeniya--- TIME: 22.07.25 13:50:33
Обновлён раздел ID: 730--- NAME: Кронштейны и Крепления--- CODE: kronshteyny-i-krepleniya--- TIME: 22.07.25 13:59:47
Обновлён раздел ID: 731--- NAME: Микрофоны--- CODE: mikrofony--- TIME: 22.07.25 14:00:22
Обновлён раздел ID: 732--- NAME: Мониторы для Видеонаблюдения--- CODE: monitory-dlya-videonablyudeniya--- TIME: 22.07.25 14:00:51
Обновлён раздел ID: 733--- NAME: Муляжи Видеокамер--- CODE: mulyazhi-videokamer--- TIME: 22.07.25 14:01:12
Обновлён раздел ID: 734--- NAME: Объективы--- CODE: obektivy--- TIME: 22.07.25 14:01:30
Обновлён раздел ID: 735--- NAME: Программное обеспечение для видеонаблюдения--- CODE: programmnoe-obespechenie-dlya-videonablyudeniya--- TIME: 22.07.25 14:01:50
Обновлён раздел ID: 736--- NAME: Прожекторы ИК--- CODE: prozhektory-ik--- TIME: 22.07.25 14:02:10
Обновлён раздел ID: 737--- NAME: Тестовое Оборудование--- CODE: testovoe-oborudovanie--- TIME: 22.07.25 14:02:35
Обновлён раздел ID: 741--- NAME: Устройства Обработки и Передачи --- CODE: ustroystva-obrabotki-i-peredachi---- TIME: 22.07.25 14:02:55
Обновлён раздел ID: 754--- NAME: Аудио Сигнал--- CODE: audio-signal--- TIME: 22.07.25 14:06:06
Обновлён раздел ID: 756--- NAME: Видео Сигнал--- CODE: video-signal--- TIME: 22.07.25 14:07:31
Обновлён раздел ID: 760--- NAME: Разветвители, Распределители Видео --- CODE: razvetviteli-raspredeliteli-video---- TIME: 22.07.25 14:11:17
Обновлён раздел ID: 761--- NAME: Устройства Грозозащиты--- CODE: ustroystva-grozozashchity--- TIME: 22.07.25 14:11:41
Обновлён раздел ID: 744--- NAME: Удлинители Ethernet по Витой Паре--- CODE: udliniteli-ethernet-po-vitoy-pare--- TIME: 22.07.25 14:14:14
Обновлён раздел ID: 743--- NAME: SFP Модули--- CODE: sfp-moduli--- TIME: 22.07.25 14:14:29
Обновлён раздел ID: 749--- NAME: Усилители, Удлинители HDMI--- CODE: usiliteli-udliniteli-hdmi--- TIME: 22.07.25 14:15:43
Обновлён раздел ID: 749--- NAME: Усилители, Удлинители HDMI--- CODE: usiliteli-udliniteli-hdmi--- TIME: 22.07.25 14:17:24
Обновлён раздел ID: 750--- NAME: RS232, RS485 Сигналы--- CODE: rs232-rs485-signaly--- TIME: 22.07.25 14:18:29
Обновлён раздел ID: 711--- NAME: IP Видеосерверы--- CODE: ip-videoservery--- TIME: 22.07.25 14:21:38
Обновлён раздел ID: 799--- NAME: IP-Домофония--- CODE: ip-domofoniya--- TIME: 22.07.25 14:22:41
Обновлён раздел ID: 609--- NAME: Аккумуляторы и Термостаты--- CODE: akkumulyatory-i-termostaty--- TIME: 22.07.25 14:25:49
Обновлён раздел ID: 610--- NAME: Батарейки--- CODE: batareyki--- TIME: 22.07.25 14:26:10
Обновлён раздел ID: 611--- NAME: Бесперебойные Источники Питания--- CODE: bespereboynye-istochniki-pitaniya--- TIME: 22.07.25 14:26:50
Обновлён раздел ID: 612--- NAME: Дополнительное Оборудование к Источникам Питания--- CODE: dopolnitelnoe-oborudovanie-k-istochnikam-pitaniya--- TIME: 22.07.25 14:27:14
Обновлён раздел ID: 613--- NAME: ИБП 220В (UPS)--- CODE: ibp-220v-ups--- TIME: 22.07.25 14:27:43
Обновлён раздел ID: 614--- NAME: ИБП RACK для 19" стойки--- CODE: ibp-rack-dlya-19-stoyki--- TIME: 22.07.25 14:28:05
Обновлён раздел ID: 615--- NAME: Преобразователи Напряжения--- CODE: preobrazovateli-napryazheniya--- TIME: 22.07.25 14:28:28
Обновлён раздел ID: 617--- NAME: Солнечные батареи--- CODE: solnechnye-batarei--- TIME: 22.07.25 14:29:02
Обновлён раздел ID: 618--- NAME: Стабилизаторы Напряжения--- CODE: stabilizatory-napryazheniya--- TIME: 22.07.25 14:29:36
Обновлён раздел ID: 619--- NAME: Стабилизированные Источники Питания --- CODE: stabilizirovannye-istochniki-pitaniya---- TIME: 22.07.25 14:30:01
Обновлён раздел ID: 620--- NAME: Устройства Защиты от Скачков Напряжения--- CODE: ustroystva-zashchity-ot-skachkov-napryazheniya--- TIME: 22.07.25 14:30:25
Обновлён раздел ID: 664--- NAME: Кабель Канал и Аксессуары--- CODE: kabel-kanal-i-aksessuary--- TIME: 22.07.25 14:33:05
Обновлён раздел ID: 663--- NAME: Монтажные Материалы--- CODE: montazhnye-materialy--- TIME: 22.07.25 14:33:31
Обновлён раздел ID: 666--- NAME: Коробки Монтажные--- CODE: korobki-montazhnye--- TIME: 22.07.25 14:33:58
Обновлён раздел ID: 667--- NAME: Крепежные Изделия--- CODE: krepezhnye-izdeliya--- TIME: 22.07.25 14:34:18
Обновлён раздел ID: 668--- NAME: Лотки Кабельные и Аксессуары--- CODE: lotki-kabelnye-i-aksessuary--- TIME: 22.07.25 14:34:37
Обновлён раздел ID: 669--- NAME: Металлорукав--- CODE: metallorukav--- TIME: 22.07.25 14:34:54
Обновлён раздел ID: 670--- NAME: Монтажные Инструменты--- CODE: montazhnye-instrumenty--- TIME: 22.07.25 14:35:14
Обновлён раздел ID: 674--- NAME: Разъемы и переходники--- CODE: razemy-i-perekhodniki--- TIME: 22.07.25 14:36:33
Обновлён раздел ID: 675--- NAME: Расходные Материалы--- CODE: raskhodnye-materialy--- TIME: 22.07.25 14:36:58
Обновлён раздел ID: 679--- NAME: Труба Гладкая--- CODE: truba-gladkaya--- TIME: 22.07.25 14:37:45
Обновлён раздел ID: 680--- NAME: Труба Гофрированная--- CODE: truba-gofrirovannaya--- TIME: 22.07.25 14:38:21
Обновлён раздел ID: 681--- NAME: Электроинструменты--- CODE: elektroinstrumenty--- TIME: 22.07.25 14:38:59
Обновлён раздел ID: 684--- NAME: Измерительные инструменты--- CODE: izmeritelnye-instrumenty--- TIME: 22.07.25 14:41:23
Обновлён раздел ID: 561--- NAME: Антенные Кабели, Аксессуары--- CODE: antennye-kabeli-aksessuary--- TIME: 22.07.25 14:43:55
Обновлён раздел ID: 562--- NAME: Дополнительное оборудование ОПС--- CODE: dopolnitelnoe-oborudovanie-ops--- TIME: 22.07.25 14:44:42
Обновлён раздел ID: 563--- NAME: Извещатели Аварийные--- CODE: izveshchateli-avariynye--- TIME: 22.07.25 14:45:06
Обновлён раздел ID: 565--- NAME: Извещатели Охранные для Наружной Установки--- CODE: izveshchateli-okhrannye-dlya-naruzhnoy-ustanovki--- TIME: 22.07.25 14:46:30
Обновлён раздел ID: 566--- NAME: Извещатели Охраны Периметра ИК-пассивные--- CODE: izveshchateli-okhrany-perimetra-ik-passivnye--- TIME: 22.07.25 14:47:25
Обновлён раздел ID: 570--- NAME: Извещатели Вибрационные и Емкостные--- CODE: izveshchateli-vibratsionnye-i-emkostnye--- TIME: 22.07.25 14:49:41
Обновлён раздел ID: 572--- NAME: Извещатели Комбинированные--- CODE: izveshchateli-kombinirovannye--- TIME: 22.07.25 14:50:09
Обновлён раздел ID: 573--- NAME: Извещатели Магнитоконтактные--- CODE: izveshchateli-magnitokontaktnye--- TIME: 22.07.25 14:50:35
Обновлён раздел ID: 575--- NAME: Извещатели Оптико-Электронные Пассивные--- CODE: izveshchateli-optiko-elektronnye-passivnye--- TIME: 22.07.25 14:51:06
Обновлён раздел ID: 576--- NAME: Извещатели Тревожной Сигнализации--- CODE: izveshchateli-trevozhnoy-signalizatsii--- TIME: 22.07.25 14:51:28
Обновлён раздел ID: 578--- NAME: Извещатели Пожарные--- CODE: izveshchateli-pozharnye--- TIME: 22.07.25 14:52:40
Обновлён раздел ID: 583--- NAME: Интегрированные Системы--- CODE: integrirovannye-sistemy--- TIME: 22.07.25 14:54:31
Обновлён раздел ID: 586--- NAME: Оповещатели--- CODE: opoveshchateli--- TIME: 22.07.25 14:56:21
Обновлён раздел ID: 591--- NAME: Приборы Приемно-Контрольные--- CODE: pribory-priemno-kontrolnye--- TIME: 22.07.25 15:03:10
Обновлён раздел ID: 593--- NAME: Программное Обеспечение для ОПС--- CODE: programmnoe-obespechenie-dlya-ops--- TIME: 22.07.25 15:04:25
Обновлён раздел ID: 594--- NAME: Радиоканальные системы ОПС--- CODE: radiokanalnye-sistemy-ops--- TIME: 22.07.25 15:05:11
Обновлён раздел ID: 595--- NAME: Системы Передачи Извещений--- CODE: sistemy-peredachi-izveshcheniy--- TIME: 22.07.25 15:05:32
Обновлён раздел ID: 559--- NAME: GSM Сигнализация--- CODE: gsm-signalizatsiya--- TIME: 22.07.25 15:05:48
Обновлён раздел ID: 551--- NAME: Сетевое Оборудование--- CODE: setevoe-oborudovanie--- TIME: 22.07.25 15:06:28
Обновлён раздел ID: 553--- NAME: Инжекторы и Сплиттеры PoE--- CODE: inzhektory-i-splittery-poe--- TIME: 22.07.25 15:06:45
Обновлён раздел ID: 554--- NAME: Медиаконвертеры--- CODE: mediakonvertery--- TIME: 22.07.25 15:06:58
Обновлён раздел ID: 555--- NAME: Роутеры и Точки Доступа--- CODE: routery-i-tochki-dostupa--- TIME: 22.07.25 15:07:26
Обновлён раздел ID: 556--- NAME: Сетевые Коммутаторы--- CODE: setevye-kommutatory--- TIME: 22.07.25 15:11:45
Обновлён раздел ID: 557--- NAME: Сетевые Хранилища--- CODE: setevye-khranilishcha--- TIME: 22.07.25 15:12:00
Обновлён раздел ID: 687--- NAME: Системы Оповещения и Музыкальной Трансляции--- CODE: sistemy-opoveshcheniya-i-muzykalnoy-translyatsii--- TIME: 22.07.25 15:13:14
Обновлён раздел ID: 687--- NAME: Системы Оповещения и Музыкальной Трансляции--- CODE: sistemy-opoveshcheniya-i-muzykalnoy-translyatsii--- TIME: 22.07.25 15:14:19
Обновлён раздел ID: 767--- NAME: Биометрические СКУД--- CODE: biometricheskie-skud--- TIME: 22.07.25 15:18:45
Обновлён раздел ID: 769--- NAME: Доводчики--- CODE: dovodchiki--- TIME: 22.07.25 15:19:29
Обновлён раздел ID: 778--- NAME: Идентификаторы--- CODE: identifikatory--- TIME: 22.07.25 15:40:12
Обновлён раздел ID: 778--- NAME: Идентификаторы--- CODE: identifikatory--- TIME: 22.07.25 15:41:59
Обновлён раздел ID: 791--- NAME: Программное Обеспечение для СКУД--- CODE: programmnoe-obespechenie-dlya-skud--- TIME: 22.07.25 15:43:29
Обновлён раздел ID: 795--- NAME: Турникеты--- CODE: turnikety--- TIME: 22.07.25 15:44:10
Обновлён раздел ID: 796--- NAME: Шлагбаумы--- CODE: shlagbaumy--- TIME: 22.07.25 15:44:40
Обновлён раздел ID: 696--- NAME: Средства Пожаротушения--- CODE: sredstva-pozharotusheniya--- TIME: 22.07.25 15:47:26
Обновлён раздел ID: 698--- NAME: Знаки и Плакаты Пожарной Безопасности и Охраны Труда--- CODE: znaki-i-plakaty-pozharnoy-bezopasnosti-i-okhrany-truda--- TIME: 22.07.25 15:48:23
Обновлён раздел ID: 708--- NAME: Шкафы Пожарные--- CODE: shkafy-pozharnye--- TIME: 22.07.25 15:49:27
Обновлён раздел ID: 821--- NAME: Умный Дом--- CODE: umnyy-dom--- TIME: 22.07.25 15:50:56
Обновлён раздел ID: 816--- NAME: Термошкафы--- CODE: termoshkafy--- TIME: 22.07.25 15:53:42
